<?xml version="1.0" encoding="UTF-8"?>
<testng-results ignored="0" total="1" passed="1" failed="0" skipped="0">
  <reporter-output>
  </reporter-output>
  <suite started-at="2021-05-14T15:00:30 IST" name="Default suite" finished-at="2021-05-14T15:00:35 IST" duration-ms="5174">
    <groups>
    </groups>
    <test started-at="2021-05-14T15:00:30 IST" name="Default test" finished-at="2021-05-14T15:00:35 IST" duration-ms="5174">
      <class name="testcases.Tc_01">
        <test-method is-config="true" signature="openbrowser()[pri:0, instance:testcases.Tc_01@649bec2e]" started-at="2021-05-14T15:00:30 IST" name="openbrowser" finished-at="2021-05-14T15:00:33 IST" duration-ms="2878" status="PASS">
          <reporter-output>
          </reporter-output>
        </test-method> <!-- openbrowser -->
        <test-method is-config="true" signature="url()[pri:0, instance:testcases.Tc_01@649bec2e]" started-at="2021-05-14T15:00:33 IST" name="url" finished-at="2021-05-14T15:00:34 IST" duration-ms="792" status="PASS">
          <reporter-output>
          </reporter-output>
        </test-method> <!-- url -->
        <test-method signature="test1()[pri:0, instance:testcases.Tc_01@649bec2e]" started-at="2021-05-14T15:00:34 IST" name="test1" finished-at="2021-05-14T15:00:35 IST" duration-ms="1323" status="PASS">
          <reporter-output>
          </reporter-output>
        </test-method> <!-- test1 -->
        <test-method is-config="true" signature="Closebrowser()[pri:0, instance:testcases.Tc_01@649bec2e]" started-at="2021-05-14T15:00:35 IST" name="Closebrowser" finished-at="2021-05-14T15:00:35 IST" duration-ms="119" status="PASS">
          <reporter-output>
          </reporter-output>
        </test-method> <!-- Closebrowser -->
      </class> <!-- testcases.Tc_01 -->
    </test> <!-- Default test -->
  </suite> <!-- Default suite -->
</testng-results>
